<?xml version="1.0" encoding="UTF-8"?>
<!-- Generated by org.testng.reporters.JUnitReportReporter -->
<testsuite hostname="ADMIN-PC" name="seleniumtestng.test" tests="6" failures="0" timestamp="28 Jan 2020 05:07:48 GMT" time="0.022" errors="0">
  <testcase name="add1" time="0.004" classname="seleniumtestng.test"/>
  <testcase name="add1" time="0.003" classname="seleniumtestng.test"/>
  <testcase name="add1" time="0.005" classname="seleniumtestng.test"/>
  <testcase name="add1" time="0.003" classname="seleniumtestng.test"/>
  <testcase name="add1" time="0.003" classname="seleniumtestng.test"/>
  <testcase name="add1" time="0.004" classname="seleniumtestng.test"/>
</testsuite> <!-- seleniumtestng.test -->
