<?xml version="1.0" encoding="UTF-8"?>
<!-- Generated by org.testng.reporters.JUnitReportReporter -->
<testsuite hostname="ADMIN-PC" name="seleniumtestng.Annation" tests="1" failures="0" timestamp="28 Jan 2020 05:26:36 GMT" time="0.019" errors="0">
  <testcase name="sample9" time="0.019" classname="seleniumtestng.Annation"/>
</testsuite> <!-- seleniumtestng.Annation -->
